[2015-03-05 20:07:39] MicroCMS.INFO: Matched route "GET_admin" (parameters: "_controller": "{}", "_route": "GET_admin") [] []
[2015-03-05 20:07:39] MicroCMS.INFO: > GET /admin [] []
[2015-03-05 20:07:40] MicroCMS.INFO: < 200 [] []
[2015-03-05 20:07:40] MicroCMS.INFO: Matched route "_wdt" (parameters: "_controller": "web_profiler.controller.profiler:toolbarAction", "token": "2cc4ca", "_route": "_wdt") [] []
[2015-03-05 20:07:40] MicroCMS.INFO: > GET /_profiler/wdt/2cc4ca [] []
[2015-03-05 20:07:41] MicroCMS.INFO: Matched route "GET_" (parameters: "_controller": "{}", "_route": "GET_") [] []
[2015-03-05 20:07:42] MicroCMS.INFO: < 200 [] []
[2015-03-05 20:07:42] MicroCMS.INFO: > GET / [] []
[2015-03-05 20:07:42] MicroCMS.INFO: < 200 [] []
[2015-03-05 20:07:42] MicroCMS.INFO: Matched route "_wdt" (parameters: "_controller": "web_profiler.controller.profiler:toolbarAction", "token": "b6e968", "_route": "_wdt") [] []
[2015-03-05 20:07:42] MicroCMS.INFO: > GET /_profiler/wdt/b6e968 [] []
[2015-03-05 20:07:44] MicroCMS.INFO: < 200 [] []
[2015-03-05 20:09:07] MicroCMS.INFO: Matched route "_profiler" (parameters: "_controller": "web_profiler.controller.profiler:panelAction", "token": "b6e968", "_route": "_profiler") [] []
[2015-03-05 20:09:07] MicroCMS.INFO: > GET /_profiler/b6e968?panel=time [] []
[2015-03-05 20:09:09] MicroCMS.INFO: Matched route "_wdt" (parameters: "_controller": "web_profiler.controller.profiler:toolbarAction", "token": "b6e968", "_route": "_wdt") [] []
[2015-03-05 20:09:09] MicroCMS.INFO: Matched route "_profiler_search_bar" (parameters: "_controller": "web_profiler.controller.profiler:searchBarAction", "_route": "_profiler_search_bar") [] []
[2015-03-05 20:09:09] MicroCMS.INFO: < 200 [] []
[2015-03-05 20:09:28] MicroCMS.INFO: Matched route "_profiler" (parameters: "_controller": "web_profiler.controller.profiler:panelAction", "token": "b6e968", "_route": "_profiler") [] []
[2015-03-05 20:09:28] MicroCMS.INFO: > GET /_profiler/b6e968?panel=logger [] []
[2015-03-05 20:09:30] MicroCMS.INFO: Matched route "_wdt" (parameters: "_controller": "web_profiler.controller.profiler:toolbarAction", "token": "b6e968", "_route": "_wdt") [] []
[2015-03-05 20:09:30] MicroCMS.INFO: Matched route "_profiler_search_bar" (parameters: "_controller": "web_profiler.controller.profiler:searchBarAction", "_route": "_profiler_search_bar") [] []
[2015-03-05 20:09:30] MicroCMS.INFO: < 200 [] []
[2015-03-05 20:09:36] MicroCMS.INFO: Matched route "_profiler" (parameters: "_controller": "web_profiler.controller.profiler:panelAction", "token": "b6e968", "_route": "_profiler") [] []
[2015-03-05 20:09:36] MicroCMS.INFO: > GET /_profiler/b6e968?panel=events [] []
[2015-03-05 20:09:38] MicroCMS.INFO: Matched route "_wdt" (parameters: "_controller": "web_profiler.controller.profiler:toolbarAction", "token": "b6e968", "_route": "_wdt") [] []
[2015-03-05 20:09:38] MicroCMS.INFO: Matched route "_profiler_search_bar" (parameters: "_controller": "web_profiler.controller.profiler:searchBarAction", "_route": "_profiler_search_bar") [] []
[2015-03-05 20:09:38] MicroCMS.INFO: < 200 [] []
[2015-03-05 20:09:44] MicroCMS.INFO: Matched route "_profiler" (parameters: "_controller": "web_profiler.controller.profiler:panelAction", "token": "b6e968", "_route": "_profiler") [] []
[2015-03-05 20:09:44] MicroCMS.INFO: > GET /_profiler/b6e968?panel=router [] []
[2015-03-05 20:09:46] MicroCMS.INFO: Matched route "_wdt" (parameters: "_controller": "web_profiler.controller.profiler:toolbarAction", "token": "b6e968", "_route": "_wdt") [] []
[2015-03-05 20:09:46] MicroCMS.INFO: Matched route "_profiler_router" (parameters: "_controller": "web_profiler.controller.router:panelAction", "token": "b6e968", "_route": "_profiler_router") [] []
[2015-03-05 20:09:46] MicroCMS.INFO: Matched route "_profiler_search_bar" (parameters: "_controller": "web_profiler.controller.profiler:searchBarAction", "_route": "_profiler_search_bar") [] []
[2015-03-05 20:09:46] MicroCMS.INFO: < 200 [] []
[2015-03-05 20:13:48] MicroCMS.INFO: Matched route "GET_" (parameters: "_controller": "{}", "_route": "GET_") [] []
[2015-03-05 20:13:48] MicroCMS.INFO: > GET / [] []
[2015-03-05 20:13:48] MicroCMS.INFO: < 200 [] []
[2015-03-05 20:13:48] MicroCMS.INFO: Matched route "_wdt" (parameters: "_controller": "web_profiler.controller.profiler:toolbarAction", "token": "a5f2f9", "_route": "_wdt") [] []
[2015-03-05 20:13:48] MicroCMS.INFO: > GET /_profiler/wdt/a5f2f9 [] []
[2015-03-05 20:13:50] MicroCMS.INFO: < 200 [] []
[2015-03-05 20:14:29] MicroCMS.ERROR: Symfony\Component\HttpKernel\Exception\NotFoundHttpException: No route found for "GET /h" (uncaught exception) at D:\Web\MicroCMS\vendor\symfony\http-kernel\Symfony\Component\HttpKernel\EventListener\RouterListener.php line 145 {"exception":"[object] (Symfony\\Component\\HttpKernel\\Exception\\NotFoundHttpException(code: 0): No route found for \"GET /h\" at D:\\Web\\MicroCMS\\vendor\\symfony\\http-kernel\\Symfony\\Component\\HttpKernel\\EventListener\\RouterListener.php:145, Symfony\\Component\\Routing\\Exception\\ResourceNotFoundException(code: 0): No routes found for \"/h\". at D:\\Web\\MicroCMS\\vendor\\symfony\\routing\\Symfony\\Component\\Routing\\Matcher\\UrlMatcher.php:102)"} []
[2015-03-05 20:14:30] MicroCMS.INFO: < 404 [] []
[2015-03-05 20:14:30] MicroCMS.INFO: Matched route "_wdt" (parameters: "_controller": "web_profiler.controller.profiler:toolbarAction", "token": "f1dd73", "_route": "_wdt") [] []
[2015-03-05 20:14:30] MicroCMS.INFO: > GET /_profiler/wdt/f1dd73 [] []
[2015-03-05 20:14:32] MicroCMS.INFO: < 200 [] []
[2015-03-05 20:14:45] MicroCMS.ERROR: Symfony\Component\HttpKernel\Exception\NotFoundHttpException: No route found for "GET /h" (uncaught exception) at D:\Web\MicroCMS\vendor\symfony\http-kernel\Symfony\Component\HttpKernel\EventListener\RouterListener.php line 145 {"exception":"[object] (Symfony\\Component\\HttpKernel\\Exception\\NotFoundHttpException(code: 0): No route found for \"GET /h\" at D:\\Web\\MicroCMS\\vendor\\symfony\\http-kernel\\Symfony\\Component\\HttpKernel\\EventListener\\RouterListener.php:145, Symfony\\Component\\Routing\\Exception\\ResourceNotFoundException(code: 0): No routes found for \"/h\". at D:\\Web\\MicroCMS\\vendor\\symfony\\routing\\Symfony\\Component\\Routing\\Matcher\\UrlMatcher.php:102)"} []
[2015-03-05 20:14:45] MicroCMS.INFO: < 404 [] []
[2015-03-05 20:14:45] MicroCMS.INFO: Matched route "_wdt" (parameters: "_controller": "web_profiler.controller.profiler:toolbarAction", "token": "74aebe", "_route": "_wdt") [] []
[2015-03-05 20:14:45] MicroCMS.INFO: > GET /_profiler/wdt/74aebe [] []
[2015-03-05 20:14:46] MicroCMS.ERROR: Symfony\Component\HttpKernel\Exception\NotFoundHttpException: No route found for "GET /h" (uncaught exception) at D:\Web\MicroCMS\vendor\symfony\http-kernel\Symfony\Component\HttpKernel\EventListener\RouterListener.php line 145 {"exception":"[object] (Symfony\\Component\\HttpKernel\\Exception\\NotFoundHttpException(code: 0): No route found for \"GET /h\" at D:\\Web\\MicroCMS\\vendor\\symfony\\http-kernel\\Symfony\\Component\\HttpKernel\\EventListener\\RouterListener.php:145, Symfony\\Component\\Routing\\Exception\\ResourceNotFoundException(code: 0): No routes found for \"/h\". at D:\\Web\\MicroCMS\\vendor\\symfony\\routing\\Symfony\\Component\\Routing\\Matcher\\UrlMatcher.php:102)"} []
[2015-03-05 20:14:46] MicroCMS.INFO: < 404 [] []
[2015-03-05 20:14:47] MicroCMS.INFO: Matched route "_wdt" (parameters: "_controller": "web_profiler.controller.profiler:toolbarAction", "token": "8e4090", "_route": "_wdt") [] []
[2015-03-05 20:14:47] MicroCMS.INFO: < 200 [] []
[2015-03-05 20:14:47] MicroCMS.INFO: > GET /_profiler/wdt/8e4090 [] []
[2015-03-05 20:14:49] MicroCMS.INFO: < 200 [] []
[2015-03-05 20:14:50] MicroCMS.INFO: Matched route "GET_" (parameters: "_controller": "{}", "_route": "GET_") [] []
[2015-03-05 20:14:50] MicroCMS.INFO: > GET / [] []
[2015-03-05 20:14:50] MicroCMS.INFO: < 200 [] []
[2015-03-05 20:14:51] MicroCMS.INFO: Matched route "_wdt" (parameters: "_controller": "web_profiler.controller.profiler:toolbarAction", "token": "0fac3b", "_route": "_wdt") [] []
[2015-03-05 20:14:51] MicroCMS.INFO: > GET /_profiler/wdt/0fac3b [] []
[2015-03-05 20:14:52] MicroCMS.INFO: < 200 [] []
